software_exp_17/app/build/intermediates/manifest_merge_blame_file/debug/manifest-merger-blame-debug-report.txt
1<?xml version="1.0" encoding="utf-8"?>
2<manifest xmlns:android="http://schemas.android.com/apk/res/android"
3    package="com.example.software_exp_17"
4    android:versionCode="1"
5    android:versionName="1.0" >
6
7    <uses-sdk
8        android:minSdkVersion="19"
8-->src\main\AndroidManifest.xml
9        android:targetSdkVersion="30" />
9-->src\main\AndroidManifest.xml
10
11    <uses-permission android:name="android.permission.INTERNET" />
11-->src\main\AndroidManifest.xml:4:5-67
11-->src\main\AndroidManifest.xml:4:22-64
12    <uses-permission android:name="android.permission.READ_EXTERNAL_STORAGE" />
12-->src\main\AndroidManifest.xml:5:5-79
12-->src\main\AndroidManifest.xml:5:22-77
13    <uses-permission android:name="android.permission.WRITE_EXTERNAL_STORAGE" />
13-->src\main\AndroidManifest.xml:6:5-80
13-->src\main\AndroidManifest.xml:6:22-78
14    <uses-permission android:name="android.permission.ACCESS_FINE_LOCATION" />
14-->src\main\AndroidManifest.xml:7:5-79
14-->src\main\AndroidManifest.xml:7:22-76
15    <uses-permission android:name="android.permission.ACCESS_COARSE_LOCATION" />
15-->src\main\AndroidManifest.xml:8:5-80
15-->src\main\AndroidManifest.xml:8:22-78
16    <uses-permission android:name="android.permission.ACCESS_NETWORK_STATE" />
16-->[com.google.firebase:firebase-auth:21.0.1] AndroidManifest.xml:24:5-79
16-->[com.google.firebase:firebase-auth:21.0.1] AndroidManifest.xml:24:22-76
17
18    <uses-feature
18-->[com.google.android.gms:play-services-maps:17.0.1] AndroidManifest.xml:26:5-28:35
19        android:glEsVersion="0x00020000"
19-->[com.google.android.gms:play-services-maps:17.0.1] AndroidManifest.xml:27:9-41
20        android:required="true" />
20-->[com.google.android.gms:play-services-maps:17.0.1] AndroidManifest.xml:28:9-32
21
22    <queries>
22-->[com.google.android.gms:play-services-maps:17.0.1] AndroidManifest.xml:30:5-34:15
23
24        <!-- Needs to be explicitly declared on Android R+ -->
25        <package android:name="com.google.android.apps.maps" />
25-->[com.google.android.gms:play-services-maps:17.0.1] AndroidManifest.xml:33:9-64
25-->[com.google.android.gms:play-services-maps:17.0.1] AndroidManifest.xml:33:18-61
26        <package android:name="com.kakao.talk" />
26-->[com.kakao.sdk:v2-common:2.5.2] AndroidManifest.xml:12:9-50
26-->[com.kakao.sdk:v2-common:2.5.2] AndroidManifest.xml:12:18-47
27        <package android:name="com.kakao.talk.alpha" />
27-->[com.kakao.sdk:v2-common:2.5.2] AndroidManifest.xml:13:9-56
27-->[com.kakao.sdk:v2-common:2.5.2] AndroidManifest.xml:13:18-53
28        <package android:name="com.kakao.talk.sandbox" />
28-->[com.kakao.sdk:v2-common:2.5.2] AndroidManifest.xml:14:9-58
28-->[com.kakao.sdk:v2-common:2.5.2] AndroidManifest.xml:14:18-55
29        <package android:name="com.kakao.onetalk" />
29-->[com.kakao.sdk:v2-common:2.5.2] AndroidManifest.xml:15:9-53
29-->[com.kakao.sdk:v2-common:2.5.2] AndroidManifest.xml:15:18-50
30        <package android:name="com.android.chrome" />
30-->[com.kakao.sdk:v2-common:2.5.2] AndroidManifest.xml:16:9-54
30-->[com.kakao.sdk:v2-common:2.5.2] AndroidManifest.xml:16:18-51
31        <package android:name="com.chrome.beta" />
31-->[com.kakao.sdk:v2-common:2.5.2] AndroidManifest.xml:17:9-51
31-->[com.kakao.sdk:v2-common:2.5.2] AndroidManifest.xml:17:18-48
32        <package android:name="com.chrome.dev" />
32-->[com.kakao.sdk:v2-common:2.5.2] AndroidManifest.xml:18:9-50
32-->[com.kakao.sdk:v2-common:2.5.2] AndroidManifest.xml:18:18-47
33    </queries>
34
35    <uses-permission android:name="android.permission.WAKE_LOCK" />
35-->[com.google.android.gms:play-services-measurement-api:19.0.0] AndroidManifest.xml:24:5-68
35-->[com.google.android.gms:play-services-measurement-api:19.0.0] AndroidManifest.xml:24:22-65
36    <uses-permission android:name="com.google.android.finsky.permission.BIND_GET_INSTALL_REFERRER_SERVICE" />
36-->[com.google.android.gms:play-services-measurement:19.0.0] AndroidManifest.xml:26:5-110
36-->[com.google.android.gms:play-services-measurement:19.0.0] AndroidManifest.xml:26:22-107
37
38    <application
38-->src\main\AndroidManifest.xml:10:5-40:19
39        android:name="androidx.multidex.MultiDexApplication"
40        android:allowBackup="false"
40-->src\main\AndroidManifest.xml:11:9-36
41        android:appComponentFactory="androidx.core.app.CoreComponentFactory"
41-->[androidx.core:core:1.5.0] AndroidManifest.xml:24:18-86
42        android:debuggable="true"
43        android:icon="@mipmap/ic_launcher"
43-->src\main\AndroidManifest.xml:12:9-43
44        android:label="@string/app_name"
44-->src\main\AndroidManifest.xml:13:9-41
45        android:roundIcon="@mipmap/ic_launcher_round"
45-->src\main\AndroidManifest.xml:14:9-54
46        android:supportsRtl="true"
46-->src\main\AndroidManifest.xml:15:9-35
47        android:testOnly="true"
48        android:theme="@style/Theme.Software_exp_17" >
48-->src\main\AndroidManifest.xml:16:9-53
49        <activity android:name="com.example.software_exp_17.MainActivity" >
49-->src\main\AndroidManifest.xml:17:9-23:20
49-->src\main\AndroidManifest.xml:17:19-47
50            <intent-filter>
50-->src\main\AndroidManifest.xml:18:13-22:29
51                <action android:name="android.intent.action.MAIN" />
51-->src\main\AndroidManifest.xml:19:17-69
51-->src\main\AndroidManifest.xml:19:25-66
52
53                <category android:name="android.intent.category.LAUNCHER" />
53-->src\main\AndroidManifest.xml:21:17-77
53-->src\main\AndroidManifest.xml:21:27-74
54            </intent-filter>
55        </activity>
56        <activity android:name="com.example.software_exp_17.MainPlan" />
56-->src\main\AndroidManifest.xml:25:9-45
56-->src\main\AndroidManifest.xml:25:19-43
57        <activity android:name="com.example.software_exp_17.result" />
57-->src\main\AndroidManifest.xml:26:9-43
57-->src\main\AndroidManifest.xml:26:19-41
58        <activity android:name="com.example.software_exp_17.LoginActivity" />
58-->src\main\AndroidManifest.xml:27:9-50
58-->src\main\AndroidManifest.xml:27:19-48
59        <activity android:name="com.example.software_exp_17.stopwatch" />
59-->src\main\AndroidManifest.xml:28:9-46
59-->src\main\AndroidManifest.xml:28:19-44
60        <activity android:name="com.example.software_exp_17.SignUpActivity" />
60-->src\main\AndroidManifest.xml:29:9-51
60-->src\main\AndroidManifest.xml:29:19-49
61        <activity android:name="com.example.software_exp_17.Calendar" />
61-->src\main\AndroidManifest.xml:30:9-45
61-->src\main\AndroidManifest.xml:30:19-43
62        <activity android:name="com.example.software_exp_17.Statistics" />
62-->src\main\AndroidManifest.xml:31:9-47
62-->src\main\AndroidManifest.xml:31:19-45
63        <activity android:name="com.example.software_exp_17.Community" />
63-->src\main\AndroidManifest.xml:32:9-46
63-->src\main\AndroidManifest.xml:32:19-44
64        <activity android:name="com.example.software_exp_17.WritePostActivity" />
64-->src\main\AndroidManifest.xml:33:9-54
64-->src\main\AndroidManifest.xml:33:19-52
65        <activity android:name="com.example.software_exp_17.MapActivity" />
65-->src\main\AndroidManifest.xml:34:9-48
65-->src\main\AndroidManifest.xml:34:19-46
66        <activity android:name="com.example.software_exp_17.CommunityHeart" />
66-->src\main\AndroidManifest.xml:35:9-51
66-->src\main\AndroidManifest.xml:35:19-49
67        <!-- 구글맵스 -->
68        <meta-data
68-->src\main\AndroidManifest.xml:37:9-39:71
69            android:name="com.google.android.geo.API_KEY"
69-->src\main\AndroidManifest.xml:38:13-58
70            android:value="AIzaSyC8Prvob-ntWhzqafR53_5pFMIzeqSPSHc" />
70-->src\main\AndroidManifest.xml:39:13-68
71
72        <activity
72-->[com.kakao.sdk:v2-auth:2.5.2] AndroidManifest.xml:12:9-16:56
73            android:name="com.kakao.sdk.auth.TalkAuthCodeActivity"
73-->[com.kakao.sdk:v2-auth:2.5.2] AndroidManifest.xml:13:13-67
74            android:exported="false"
74-->[com.kakao.sdk:v2-auth:2.5.2] AndroidManifest.xml:14:13-37
75            android:launchMode="singleTask"
75-->[com.kakao.sdk:v2-auth:2.5.2] AndroidManifest.xml:15:13-44
76            android:theme="@style/TransparentCompat" />
76-->[com.kakao.sdk:v2-auth:2.5.2] AndroidManifest.xml:16:13-53
77        <activity
77-->[com.kakao.sdk:v2-auth:2.5.2] AndroidManifest.xml:17:9-20:56
78            android:name="com.kakao.sdk.auth.AuthCodeHandlerActivity"
78-->[com.kakao.sdk:v2-auth:2.5.2] AndroidManifest.xml:18:13-70
79            android:launchMode="singleTask"
79-->[com.kakao.sdk:v2-auth:2.5.2] AndroidManifest.xml:19:13-44
80            android:theme="@style/TransparentCompat" />
80-->[com.kakao.sdk:v2-auth:2.5.2] AndroidManifest.xml:20:13-53
81        <activity
81-->[com.google.firebase:firebase-auth:21.0.1] AndroidManifest.xml:27:9-44:20
82            android:name="com.google.firebase.auth.internal.GenericIdpActivity"
82-->[com.google.firebase:firebase-auth:21.0.1] AndroidManifest.xml:28:13-80
83            android:excludeFromRecents="true"
83-->[com.google.firebase:firebase-auth:21.0.1] AndroidManifest.xml:29:13-46
84            android:exported="true"
84-->[com.google.firebase:firebase-auth:21.0.1] AndroidManifest.xml:30:13-36
85            android:launchMode="singleTask"
85-->[com.google.firebase:firebase-auth:21.0.1] AndroidManifest.xml:31:13-44
86            android:theme="@android:style/Theme.Translucent.NoTitleBar" >
86-->[com.google.firebase:firebase-auth:21.0.1] AndroidManifest.xml:32:13-72
87            <intent-filter>
87-->[com.google.firebase:firebase-auth:21.0.1] AndroidManifest.xml:33:13-43:29
88                <action android:name="android.intent.action.VIEW" />
88-->[com.google.firebase:firebase-auth:21.0.1] AndroidManifest.xml:34:17-69
88-->[com.google.firebase:firebase-auth:21.0.1] AndroidManifest.xml:34:25-66
89
90                <category android:name="android.intent.category.DEFAULT" />
90-->[com.google.firebase:firebase-auth:21.0.1] AndroidManifest.xml:36:17-76
90-->[com.google.firebase:firebase-auth:21.0.1] AndroidManifest.xml:36:27-73
91                <category android:name="android.intent.category.BROWSABLE" />
91-->[com.google.firebase:firebase-auth:21.0.1] AndroidManifest.xml:37:17-78
91-->[com.google.firebase:firebase-auth:21.0.1] AndroidManifest.xml:37:27-75
92
93                <data
93-->[com.google.firebase:firebase-auth:21.0.1] AndroidManifest.xml:39:17-42:51
94                    android:host="firebase.auth"
94-->[com.google.firebase:firebase-auth:21.0.1] AndroidManifest.xml:40:21-49
95                    android:path="/"
95-->[com.google.firebase:firebase-auth:21.0.1] AndroidManifest.xml:41:21-37
96                    android:scheme="genericidp" />
96-->[com.google.firebase:firebase-auth:21.0.1] AndroidManifest.xml:42:21-48
97            </intent-filter>
98        </activity>
99        <activity
99-->[com.google.firebase:firebase-auth:21.0.1] AndroidManifest.xml:45:9-62:20
100            android:name="com.google.firebase.auth.internal.RecaptchaActivity"
100-->[com.google.firebase:firebase-auth:21.0.1] AndroidManifest.xml:46:13-79
101            android:excludeFromRecents="true"
101-->[com.google.firebase:firebase-auth:21.0.1] AndroidManifest.xml:47:13-46
102            android:exported="true"
102-->[com.google.firebase:firebase-auth:21.0.1] AndroidManifest.xml:48:13-36
103            android:launchMode="singleTask"
103-->[com.google.firebase:firebase-auth:21.0.1] AndroidManifest.xml:49:13-44
104            android:theme="@android:style/Theme.Translucent.NoTitleBar" >
104-->[com.google.firebase:firebase-auth:21.0.1] AndroidManifest.xml:50:13-72
105            <intent-filter>
105-->[com.google.firebase:firebase-auth:21.0.1] AndroidManifest.xml:51:13-61:29
106                <action android:name="android.intent.action.VIEW" />
106-->[com.google.firebase:firebase-auth:21.0.1] AndroidManifest.xml:34:17-69
106-->[com.google.firebase:firebase-auth:21.0.1] AndroidManifest.xml:34:25-66
107
108                <category android:name="android.intent.category.DEFAULT" />
108-->[com.google.firebase:firebase-auth:21.0.1] AndroidManifest.xml:36:17-76
108-->[com.google.firebase:firebase-auth:21.0.1] AndroidManifest.xml:36:27-73
109                <category android:name="android.intent.category.BROWSABLE" />
109-->[com.google.firebase:firebase-auth:21.0.1] AndroidManifest.xml:37:17-78
109-->[com.google.firebase:firebase-auth:21.0.1] AndroidManifest.xml:37:27-75
110
111                <data
111-->[com.google.firebase:firebase-auth:21.0.1] AndroidManifest.xml:39:17-42:51
112                    android:host="firebase.auth"
112-->[com.google.firebase:firebase-auth:21.0.1] AndroidManifest.xml:40:21-49
113                    android:path="/"
113-->[com.google.firebase:firebase-auth:21.0.1] AndroidManifest.xml:41:21-37
114                    android:scheme="recaptcha" />
114-->[com.google.firebase:firebase-auth:21.0.1] AndroidManifest.xml:42:21-48
115            </intent-filter>
116        </activity>
117
118        <service
118-->[com.google.firebase:firebase-auth:21.0.1] AndroidManifest.xml:64:9-73:19
119            android:name="com.google.firebase.auth.api.fallback.service.FirebaseAuthFallbackService"
119-->[com.google.firebase:firebase-auth:21.0.1] AndroidManifest.xml:65:13-101
120            android:enabled="true"
120-->[com.google.firebase:firebase-auth:21.0.1] AndroidManifest.xml:66:13-35
121            android:exported="false" >
121-->[com.google.firebase:firebase-auth:21.0.1] AndroidManifest.xml:67:13-37
122            <intent-filter>
122-->[com.google.firebase:firebase-auth:21.0.1] AndroidManifest.xml:68:13-72:29
123                <action android:name="com.google.firebase.auth.api.gms.service.START" />
123-->[com.google.firebase:firebase-auth:21.0.1] AndroidManifest.xml:69:17-89
123-->[com.google.firebase:firebase-auth:21.0.1] AndroidManifest.xml:69:25-86
124
125                <category android:name="android.intent.category.DEFAULT" />
125-->[com.google.firebase:firebase-auth:21.0.1] AndroidManifest.xml:36:17-76
125-->[com.google.firebase:firebase-auth:21.0.1] AndroidManifest.xml:36:27-73
126            </intent-filter>
127        </service>
128        <service
128-->[com.google.firebase:firebase-auth:21.0.1] AndroidManifest.xml:74:9-80:19
129            android:name="com.google.firebase.components.ComponentDiscoveryService"
129-->[com.google.firebase:firebase-auth:21.0.1] AndroidManifest.xml:75:13-84
130            android:directBootAware="true"
130-->[com.google.firebase:firebase-common:20.0.0] AndroidManifest.xml:35:13-43
131            android:exported="false" >
131-->[com.google.firebase:firebase-auth:21.0.1] AndroidManifest.xml:76:13-37
132            <meta-data
132-->[com.google.firebase:firebase-auth:21.0.1] AndroidManifest.xml:77:13-79:85
133                android:name="com.google.firebase.components:com.google.firebase.auth.FirebaseAuthRegistrar"
133-->[com.google.firebase:firebase-auth:21.0.1] AndroidManifest.xml:78:17-109
134                android:value="com.google.firebase.components.ComponentRegistrar" />
134-->[com.google.firebase:firebase-auth:21.0.1] AndroidManifest.xml:79:17-82
135            <meta-data
135-->[com.google.firebase:firebase-database:20.0.0] AndroidManifest.xml:32:13-34:85
136                android:name="com.google.firebase.components:com.google.firebase.database.DatabaseRegistrar"
136-->[com.google.firebase:firebase-database:20.0.0] AndroidManifest.xml:33:17-109
137                android:value="com.google.firebase.components.ComponentRegistrar" />
137-->[com.google.firebase:firebase-database:20.0.0] AndroidManifest.xml:34:17-82
138            <meta-data
138-->[com.google.firebase:firebase-firestore:23.0.0] AndroidManifest.xml:20:13-22:85
139                android:name="com.google.firebase.components:com.google.firebase.firestore.FirestoreRegistrar"
139-->[com.google.firebase:firebase-firestore:23.0.0] AndroidManifest.xml:21:17-111
140                android:value="com.google.firebase.components.ComponentRegistrar" />
140-->[com.google.firebase:firebase-firestore:23.0.0] AndroidManifest.xml:22:17-82
141            <meta-data
141-->[com.google.android.gms:play-services-measurement-api:19.0.0] AndroidManifest.xml:30:13-32:85
142                android:name="com.google.firebase.components:com.google.firebase.analytics.connector.internal.AnalyticsConnectorRegistrar"
142-->[com.google.android.gms:play-services-measurement-api:19.0.0] AndroidManifest.xml:31:17-139
143                android:value="com.google.firebase.components.ComponentRegistrar" />
143-->[com.google.android.gms:play-services-measurement-api:19.0.0] AndroidManifest.xml:32:17-82
144            <meta-data
144-->[com.google.firebase:firebase-installations:17.0.0] AndroidManifest.xml:18:13-20:85
145                android:name="com.google.firebase.components:com.google.firebase.installations.FirebaseInstallationsRegistrar"
145-->[com.google.firebase:firebase-installations:17.0.0] AndroidManifest.xml:19:17-127
146                android:value="com.google.firebase.components.ComponentRegistrar" />
146-->[com.google.firebase:firebase-installations:17.0.0] AndroidManifest.xml:20:17-82
147        </service> <!-- Needs to be explicitly declared on P+ -->
148        <uses-library
148-->[com.google.android.gms:play-services-maps:17.0.1] AndroidManifest.xml:39:9-41:40
149            android:name="org.apache.http.legacy"
149-->[com.google.android.gms:play-services-maps:17.0.1] AndroidManifest.xml:40:13-50
150            android:required="false" />
150-->[com.google.android.gms:play-services-maps:17.0.1] AndroidManifest.xml:41:13-37
151
152        <provider
152-->[com.google.firebase:firebase-common:20.0.0] AndroidManifest.xml:26:9-31:39
153            android:name="com.google.firebase.provider.FirebaseInitProvider"
153-->[com.google.firebase:firebase-common:20.0.0] AndroidManifest.xml:27:13-77
154            android:authorities="com.example.software_exp_17.firebaseinitprovider"
154-->[com.google.firebase:firebase-common:20.0.0] AndroidManifest.xml:28:13-72
155            android:directBootAware="true"
155-->[com.google.firebase:firebase-common:20.0.0] AndroidManifest.xml:29:13-43
156            android:exported="false"
156-->[com.google.firebase:firebase-common:20.0.0] AndroidManifest.xml:30:13-37
157            android:initOrder="100" />
157-->[com.google.firebase:firebase-common:20.0.0] AndroidManifest.xml:31:13-36
158
159        <activity
159-->[com.google.android.gms:play-services-base:17.5.0] AndroidManifest.xml:23:9-26:75
160            android:name="com.google.android.gms.common.api.GoogleApiActivity"
160-->[com.google.android.gms:play-services-base:17.5.0] AndroidManifest.xml:24:13-79
161            android:exported="false"
161-->[com.google.android.gms:play-services-base:17.5.0] AndroidManifest.xml:25:13-37
162            android:theme="@android:style/Theme.Translucent.NoTitleBar" />
162-->[com.google.android.gms:play-services-base:17.5.0] AndroidManifest.xml:26:13-72
163
164        <receiver
164-->[com.google.android.gms:play-services-measurement:19.0.0] AndroidManifest.xml:29:9-33:20
165            android:name="com.google.android.gms.measurement.AppMeasurementReceiver"
165-->[com.google.android.gms:play-services-measurement:19.0.0] AndroidManifest.xml:30:13-85
166            android:enabled="true"
166-->[com.google.android.gms:play-services-measurement:19.0.0] AndroidManifest.xml:31:13-35
167            android:exported="false" >
167-->[com.google.android.gms:play-services-measurement:19.0.0] AndroidManifest.xml:32:13-37
168        </receiver>
169
170        <service
170-->[com.google.android.gms:play-services-measurement:19.0.0] AndroidManifest.xml:35:9-38:40
171            android:name="com.google.android.gms.measurement.AppMeasurementService"
171-->[com.google.android.gms:play-services-measurement:19.0.0] AndroidManifest.xml:36:13-84
172            android:enabled="true"
172-->[com.google.android.gms:play-services-measurement:19.0.0] AndroidManifest.xml:37:13-35
173            android:exported="false" />
173-->[com.google.android.gms:play-services-measurement:19.0.0] AndroidManifest.xml:38:13-37
174        <service
174-->[com.google.android.gms:play-services-measurement:19.0.0] AndroidManifest.xml:39:9-43:72
175            android:name="com.google.android.gms.measurement.AppMeasurementJobService"
175-->[com.google.android.gms:play-services-measurement:19.0.0] AndroidManifest.xml:40:13-87
176            android:enabled="true"
176-->[com.google.android.gms:play-services-measurement:19.0.0] AndroidManifest.xml:41:13-35
177            android:exported="false"
177-->[com.google.android.gms:play-services-measurement:19.0.0] AndroidManifest.xml:42:13-37
178            android:permission="android.permission.BIND_JOB_SERVICE" />
178-->[com.google.android.gms:play-services-measurement:19.0.0] AndroidManifest.xml:43:13-69
179
180        <meta-data
180-->[com.google.android.gms:play-services-basement:17.5.0] AndroidManifest.xml:23:9-25:69
181            android:name="com.google.android.gms.version"
181-->[com.google.android.gms:play-services-basement:17.5.0] AndroidManifest.xml:24:13-58
182            android:value="@integer/google_play_services_version" />
182-->[com.google.android.gms:play-services-basement:17.5.0] AndroidManifest.xml:25:13-66
183    </application>
184
185</manifest>